<?xml version="1.0" encoding="UTF-8"?>
<coverage generated="1767772532654" clover="3.2.0">
  <project timestamp="1767772532654" name="All files">
    <metrics statements="37" coveredstatements="34" conditionals="29" coveredconditionals="23" methods="10" coveredmethods="8" elements="76" coveredelements="65" complexity="0" loc="37" ncloc="37" packages="1" files="1" classes="1"/>
    <file name="wiz-utils.ts" path="/Users/season/Desktop/workspace/season-editor/src/lib/wiz-utils.ts">
      <metrics statements="37" coveredstatements="34" conditionals="29" coveredconditionals="23" methods="10" coveredmethods="8"/>
      <line num="4" count="1" type="stmt"/>
      <line num="8" count="0" type="stmt"/>
      <line num="12" count="0" type="cond" truecount="0" falsecount="2"/>
      <line num="13" count="0" type="stmt"/>
      <line num="17" count="3" type="stmt"/>
      <line num="19" count="3" type="cond" truecount="2" falsecount="0"/>
      <line num="20" count="1" type="stmt"/>
      <line num="23" count="2" type="stmt"/>
      <line num="24" count="2" type="cond" truecount="2" falsecount="0"/>
      <line num="26" count="3" type="stmt"/>
      <line num="27" count="3" type="stmt"/>
      <line num="28" count="3" type="stmt"/>
      <line num="30" count="3" type="stmt"/>
      <line num="34" count="6" type="cond" truecount="1" falsecount="1"/>
      <line num="41" count="6" type="stmt"/>
      <line num="42" count="6" type="cond" truecount="2" falsecount="0"/>
      <line num="43" count="5" type="stmt"/>
      <line num="51" count="2" type="stmt"/>
      <line num="52" count="2" type="stmt"/>
      <line num="53" count="2" type="cond" truecount="2" falsecount="0"/>
      <line num="54" count="1" type="stmt"/>
      <line num="55" count="1" type="cond" truecount="1" falsecount="1"/>
      <line num="66" count="3" type="stmt"/>
      <line num="68" count="3" type="cond" truecount="2" falsecount="0"/>
      <line num="69" count="2" type="stmt"/>
      <line num="70" count="2" type="cond" truecount="2" falsecount="0"/>
      <line num="71" count="1" type="stmt"/>
      <line num="75" count="1" type="cond" truecount="1" falsecount="1"/>
      <line num="78" count="1" type="cond" truecount="1" falsecount="1"/>
      <line num="82" count="2" type="stmt"/>
      <line num="83" count="2" type="cond" truecount="2" falsecount="0"/>
      <line num="84" count="2" type="stmt"/>
      <line num="94" count="1" type="stmt"/>
      <line num="96" count="1" type="stmt"/>
      <line num="101" count="1" type="stmt"/>
      <line num="102" count="3" type="cond" truecount="5" falsecount="0"/>
      <line num="105" count="1" type="stmt"/>
    </file>
  </project>
</coverage>
