{"/Users/season/Desktop/workspace/season-editor/src/lib/wiz-utils.ts": {"path":"/Users/season/Desktop/workspace/season-editor/src/lib/wiz-utils.ts","statementMap":{"0":{"start":{"line":4,"column":29},"end":{"line":4,"column":null}},"1":{"start":{"line":8,"column":2},"end":{"line":8,"column":null}},"2":{"start":{"line":12,"column":2},"end":{"line":12,"column":null}},"3":{"start":{"line":12,"column":25},"end":{"line":12,"column":null}},"4":{"start":{"line":13,"column":2},"end":{"line":13,"column":null}},"5":{"start":{"line":17,"column":13},"end":{"line":17,"column":null}},"6":{"start":{"line":19,"column":2},"end":{"line":21,"column":null}},"7":{"start":{"line":20,"column":4},"end":{"line":20,"column":null}},"8":{"start":{"line":23,"column":17},"end":{"line":23,"column":null}},"9":{"start":{"line":24,"column":18},"end":{"line":24,"column":null}},"10":{"start":{"line":26,"column":11},"end":{"line":26,"column":null}},"11":{"start":{"line":27,"column":2},"end":{"line":27,"column":null}},"12":{"start":{"line":28,"column":2},"end":{"line":28,"column":null}},"13":{"start":{"line":30,"column":2},"end":{"line":30,"column":null}},"14":{"start":{"line":34,"column":2},"end":{"line":37,"column":null}},"15":{"start":{"line":41,"column":16},"end":{"line":41,"column":null}},"16":{"start":{"line":42,"column":2},"end":{"line":42,"column":null}},"17":{"start":{"line":42,"column":14},"end":{"line":42,"column":null}},"18":{"start":{"line":43,"column":2},"end":{"line":43,"column":null}},"19":{"start":{"line":51,"column":15},"end":{"line":51,"column":null}},"20":{"start":{"line":52,"column":14},"end":{"line":52,"column":null}},"21":{"start":{"line":53,"column":2},"end":{"line":53,"column":null}},"22":{"start":{"line":53,"column":18},"end":{"line":53,"column":null}},"23":{"start":{"line":54,"column":18},"end":{"line":54,"column":null}},"24":{"start":{"line":55,"column":2},"end":{"line":55,"column":null}},"25":{"start":{"line":66,"column":15},"end":{"line":66,"column":null}},"26":{"start":{"line":68,"column":2},"end":{"line":76,"column":null}},"27":{"start":{"line":69,"column":20},"end":{"line":69,"column":null}},"28":{"start":{"line":70,"column":4},"end":{"line":74,"column":null}},"29":{"start":{"line":71,"column":6},"end":{"line":73,"column":null}},"30":{"start":{"line":75,"column":4},"end":{"line":75,"column":null}},"31":{"start":{"line":78,"column":2},"end":{"line":78,"column":null}},"32":{"start":{"line":82,"column":14},"end":{"line":82,"column":null}},"33":{"start":{"line":83,"column":15},"end":{"line":83,"column":null}},"34":{"start":{"line":84,"column":2},"end":{"line":84,"column":null}},"35":{"start":{"line":94,"column":2},"end":{"line":94,"column":null}},"36":{"start":{"line":96,"column":2},"end":{"line":99,"column":null}},"37":{"start":{"line":101,"column":2},"end":{"line":103,"column":null}},"38":{"start":{"line":102,"column":4},"end":{"line":102,"column":null}},"39":{"start":{"line":105,"column":2},"end":{"line":105,"column":null}}},"fnMap":{"0":{"name":"isWizMode","decl":{"start":{"line":7,"column":16},"end":{"line":7,"column":26}},"loc":{"start":{"line":7,"column":48},"end":{"line":9,"column":null}},"line":7},"1":{"name":"makeDefaultIdPrefix","decl":{"start":{"line":11,"column":16},"end":{"line":11,"column":36}},"loc":{"start":{"line":11,"column":51},"end":{"line":14,"column":null}},"line":11},"2":{"name":"deriveIdAndNamespace","decl":{"start":{"line":16,"column":16},"end":{"line":16,"column":37}},"loc":{"start":{"line":16,"column":65},"end":{"line":31,"column":null}},"line":16},"3":{"name":"normalizeNamespace","decl":{"start":{"line":33,"column":16},"end":{"line":33,"column":35}},"loc":{"start":{"line":33,"column":47},"end":{"line":38,"column":null}},"line":33},"4":{"name":"namespaceToDash","decl":{"start":{"line":40,"column":16},"end":{"line":40,"column":32}},"loc":{"start":{"line":40,"column":44},"end":{"line":44,"column":null}},"line":40},"5":{"name":"getPortalFromBaseFsPath","decl":{"start":{"line":50,"column":16},"end":{"line":50,"column":40}},"loc":{"start":{"line":50,"column":75},"end":{"line":56,"column":null}},"line":50},"6":{"name":"buildTemplate","decl":{"start":{"line":61,"column":16},"end":{"line":61,"column":null}},"loc":{"start":{"line":65,"column":2},"end":{"line":79,"column":null}},"line":65},"7":{"name":"splitName","decl":{"start":{"line":81,"column":16},"end":{"line":81,"column":26}},"loc":{"start":{"line":81,"column":40},"end":{"line":85,"column":null}},"line":81},"8":{"name":"sanitizeForWebview","decl":{"start":{"line":93,"column":16},"end":{"line":93,"column":35}},"loc":{"start":{"line":93,"column":49},"end":{"line":106,"column":null}},"line":93},"9":{"name":"(anonymous_9)","decl":{"start":{"line":101,"column":45},"end":{"line":101,"column":46}},"loc":{"start":{"line":101,"column":53},"end":{"line":103,"column":3}},"line":101}},"branchMap":{"0":{"loc":{"start":{"line":12,"column":2},"end":{"line":12,"column":null}},"type":"if","locations":[{"start":{"line":12,"column":2},"end":{"line":12,"column":null}},{"start":{},"end":{}}],"line":12},"1":{"loc":{"start":{"line":19,"column":2},"end":{"line":21,"column":null}},"type":"if","locations":[{"start":{"line":19,"column":2},"end":{"line":21,"column":null}},{"start":{},"end":{}}],"line":19},"2":{"loc":{"start":{"line":24,"column":18},"end":{"line":24,"column":null}},"type":"cond-expr","locations":[{"start":{"line":24,"column":42},"end":{"line":24,"column":47}},{"start":{"line":24,"column":47},"end":{"line":24,"column":null}}],"line":24},"3":{"loc":{"start":{"line":34,"column":16},"end":{"line":34,"column":24}},"type":"binary-expr","locations":[{"start":{"line":34,"column":16},"end":{"line":34,"column":22}},{"start":{"line":34,"column":22},"end":{"line":34,"column":24}}],"line":34},"4":{"loc":{"start":{"line":42,"column":2},"end":{"line":42,"column":null}},"type":"if","locations":[{"start":{"line":42,"column":2},"end":{"line":42,"column":null}},{"start":{},"end":{}}],"line":42},"5":{"loc":{"start":{"line":53,"column":2},"end":{"line":53,"column":null}},"type":"if","locations":[{"start":{"line":53,"column":2},"end":{"line":53,"column":null}},{"start":{},"end":{}}],"line":53},"6":{"loc":{"start":{"line":55,"column":9},"end":{"line":55,"column":null}},"type":"cond-expr","locations":[{"start":{"line":55,"column":19},"end":{"line":55,"column":29}},{"start":{"line":55,"column":29},"end":{"line":55,"column":null}}],"line":55},"7":{"loc":{"start":{"line":68,"column":2},"end":{"line":76,"column":null}},"type":"if","locations":[{"start":{"line":68,"column":2},"end":{"line":76,"column":null}},{"start":{},"end":{}}],"line":68},"8":{"loc":{"start":{"line":70,"column":4},"end":{"line":74,"column":null}},"type":"if","locations":[{"start":{"line":70,"column":4},"end":{"line":74,"column":null}},{"start":{},"end":{}}],"line":70},"9":{"loc":{"start":{"line":75,"column":35},"end":{"line":75,"column":57}},"type":"cond-expr","locations":[{"start":{"line":75,"column":42},"end":{"line":75,"column":55}},{"start":{"line":75,"column":55},"end":{"line":75,"column":57}}],"line":75},"10":{"loc":{"start":{"line":78,"column":23},"end":{"line":78,"column":45}},"type":"cond-expr","locations":[{"start":{"line":78,"column":30},"end":{"line":78,"column":43}},{"start":{"line":78,"column":43},"end":{"line":78,"column":45}}],"line":78},"11":{"loc":{"start":{"line":83,"column":15},"end":{"line":83,"column":null}},"type":"cond-expr","locations":[{"start":{"line":83,"column":21},"end":{"line":83,"column":50}},{"start":{"line":83,"column":50},"end":{"line":83,"column":null}}],"line":83},"12":{"loc":{"start":{"line":102,"column":11},"end":{"line":102,"column":null}},"type":"cond-expr","locations":[{"start":{"line":102,"column":55},"end":{"line":102,"column":60}},{"start":{"line":102,"column":60},"end":{"line":102,"column":null}}],"line":102},"13":{"loc":{"start":{"line":102,"column":11},"end":{"line":102,"column":55}},"type":"binary-expr","locations":[{"start":{"line":102,"column":11},"end":{"line":102,"column":26}},{"start":{"line":102,"column":26},"end":{"line":102,"column":41}},{"start":{"line":102,"column":41},"end":{"line":102,"column":55}}],"line":102}},"s":{"0":1,"1":0,"2":0,"3":0,"4":0,"5":3,"6":3,"7":1,"8":2,"9":2,"10":3,"11":3,"12":3,"13":3,"14":6,"15":6,"16":6,"17":1,"18":5,"19":2,"20":2,"21":2,"22":1,"23":1,"24":1,"25":3,"26":3,"27":2,"28":2,"29":1,"30":1,"31":1,"32":2,"33":2,"34":2,"35":1,"36":1,"37":1,"38":3,"39":1},"f":{"0":0,"1":0,"2":3,"3":6,"4":6,"5":2,"6":3,"7":2,"8":1,"9":3},"b":{"0":[0,0],"1":[1,2],"2":[1,1],"3":[6,0],"4":[1,5],"5":[1,1],"6":[1,0],"7":[2,1],"8":[1,1],"9":[1,0],"10":[1,0],"11":[1,1],"12":[2,1],"13":[3,2,2]},"meta":{"lastBranch":14,"lastFunction":10,"lastStatement":40,"seen":{"s:4:29:4:Infinity":0,"f:7:16:7:26":0,"s:8:2:8:Infinity":1,"f:11:16:11:36":1,"b:12:2:12:Infinity:undefined:undefined:undefined:undefined":0,"s:12:2:12:Infinity":2,"s:12:25:12:Infinity":3,"s:13:2:13:Infinity":4,"f:16:16:16:37":2,"s:17:13:17:Infinity":5,"b:19:2:21:Infinity:undefined:undefined:undefined:undefined":1,"s:19:2:21:Infinity":6,"s:20:4:20:Infinity":7,"s:23:17:23:Infinity":8,"s:24:18:24:Infinity":9,"b:24:42:24:47:24:47:24:Infinity":2,"s:26:11:26:Infinity":10,"s:27:2:27:Infinity":11,"s:28:2:28:Infinity":12,"s:30:2:30:Infinity":13,"f:33:16:33:35":3,"s:34:2:37:Infinity":14,"b:34:16:34:22:34:22:34:24":3,"f:40:16:40:32":4,"s:41:16:41:Infinity":15,"b:42:2:42:Infinity:undefined:undefined:undefined:undefined":4,"s:42:2:42:Infinity":16,"s:42:14:42:Infinity":17,"s:43:2:43:Infinity":18,"f:50:16:50:40":5,"s:51:15:51:Infinity":19,"s:52:14:52:Infinity":20,"b:53:2:53:Infinity:undefined:undefined:undefined:undefined":5,"s:53:2:53:Infinity":21,"s:53:18:53:Infinity":22,"s:54:18:54:Infinity":23,"s:55:2:55:Infinity":24,"b:55:19:55:29:55:29:55:Infinity":6,"f:61:16:61:Infinity":6,"s:66:15:66:Infinity":25,"b:68:2:76:Infinity:undefined:undefined:undefined:undefined":7,"s:68:2:76:Infinity":26,"s:69:20:69:Infinity":27,"b:70:4:74:Infinity:undefined:undefined:undefined:undefined":8,"s:70:4:74:Infinity":28,"s:71:6:73:Infinity":29,"s:75:4:75:Infinity":30,"b:75:42:75:55:75:55:75:57":9,"s:78:2:78:Infinity":31,"b:78:30:78:43:78:43:78:45":10,"f:81:16:81:26":7,"s:82:14:82:Infinity":32,"s:83:15:83:Infinity":33,"b:83:21:83:50:83:50:83:Infinity":11,"s:84:2:84:Infinity":34,"f:93:16:93:35":8,"s:94:2:94:Infinity":35,"s:96:2:99:Infinity":36,"s:101:2:103:Infinity":37,"f:101:45:101:46":9,"s:102:4:102:Infinity":38,"b:102:55:102:60:102:60:102:Infinity":12,"b:102:11:102:26:102:26:102:41:102:41:102:55":13,"s:105:2:105:Infinity":39}}}
}
